[debug] [2022-10-21T16:46:04.787Z] ----------------------------------------------------------------------
[debug] [2022-10-21T16:46:04.789Z] Command:       C:\Program Files\nodejs\node.exe C:\Users\engrs\AppData\Roaming\npm\node_modules\firebase-tools\lib\bin\firebase.js init
[debug] [2022-10-21T16:46:04.790Z] CLI Version:   11.15.0
[debug] [2022-10-21T16:46:04.790Z] Platform:      win32
[debug] [2022-10-21T16:46:04.790Z] Node Version:  v17.9.0
[debug] [2022-10-21T16:46:04.791Z] Time:          Fri Oct 21 2022 18:46:04 GMT+0200 (Central European Summer Time)
[debug] [2022-10-21T16:46:04.791Z] ----------------------------------------------------------------------
[debug] 
[debug] [2022-10-21T16:46:04.801Z] > command requires scopes: ["email","openid","https://www.googleapis.com/auth/cloudplatformprojects.readonly","https://www.googleapis.com/auth/firebase","https://www.googleapis.com/auth/cloud-platform"]
[debug] [2022-10-21T16:46:04.802Z] > authorizing via signed-in user (shariful15-7834@diu.edu.bd)
[info] 
     ######## #### ########  ######## ########     ###     ######  ########
     ##        ##  ##     ## ##       ##     ##  ##   ##  ##       ##
     ######    ##  ########  ######   ########  #########  ######  ######
     ##        ##  ##    ##  ##       ##     ## ##     ##       ## ##
     ##       #### ##     ## ######## ########  ##     ##  ######  ########

You're about to initialize a Firebase project in this directory:

  C:\Users\engrs\OneDrive\Desktop\Projects\hotel-booking-site

[info] 
=== Project Setup
[info] 
[info] First, let's associate this project directory with a Firebase project.
[info] You can create multiple project aliases by running firebase use --add, 
[info] but for now we'll just set up a default project.
[info] 
[debug] [2022-10-21T16:46:26.593Z] > refreshing access token with scopes: []
[debug] [2022-10-21T16:46:26.598Z] >>> [apiv2][query] POST https://www.googleapis.com/oauth2/v3/token [none]
[debug] [2022-10-21T16:46:26.599Z] >>> [apiv2][body] POST https://www.googleapis.com/oauth2/v3/token [omitted]
[debug] [2022-10-21T16:46:26.819Z] <<< [apiv2][status] POST https://www.googleapis.com/oauth2/v3/token 200
[debug] [2022-10-21T16:46:26.819Z] <<< [apiv2][body] POST https://www.googleapis.com/oauth2/v3/token [omitted]
[debug] [2022-10-21T16:46:26.833Z] >>> [apiv2][query] GET https://firebase.googleapis.com/v1beta1/projects pageSize=100
[debug] [2022-10-21T16:46:27.334Z] <<< [apiv2][status] GET https://firebase.googleapis.com/v1beta1/projects 200
[debug] [2022-10-21T16:46:27.335Z] <<< [apiv2][body] GET https://firebase.googleapis.com/v1beta1/projects [omitted]
[info] i  Using project hotel-booking-69f07 (hotel-booking) 
[info] 
=== Hosting Setup
[info] 
[info] Your public directory is the folder (relative to your project directory) that
[info] will contain Hosting assets to be uploaded with firebase deploy. If you
[info] have a build process for your assets, use your build's output directory.
[info] 
[debug] [2022-10-21T16:46:51.643Z] >>> [apiv2][query] GET https://www.gstatic.com/firebasejs/releases.json [none]
[debug] [2022-10-21T16:46:51.716Z] <<< [apiv2][status] GET https://www.gstatic.com/firebasejs/releases.json 200
[debug] [2022-10-21T16:46:51.716Z] <<< [apiv2][body] GET https://www.gstatic.com/firebasejs/releases.json {"current":{"version":"9.12.1","browserURL":"https://www.gstatic.com/firebasejs/9.12.1/firebase.js","packageURL":"https://www.gstatic.com/firebasejs/9.12.1/firebase.tgz"},"live":{"version":"9.12","browserURL":"https://www.gstatic.com/firebasejs/live/9.12/firebase.js","packageURL":"https://www.gstatic.com/firebasejs/live/9.12/firebase.tgz"},"components":{"analytics":"https://www.gstatic.com/firebasejs/9.12.1/firebase-analytics.js","app":"https://www.gstatic.com/firebasejs/9.12.1/firebase-app.js","app-check":"https://www.gstatic.com/firebasejs/9.12.1/firebase-app-check.js","auth":"https://www.gstatic.com/firebasejs/9.12.1/firebase-auth.js","auth/cordova":"https://www.gstatic.com/firebasejs/9.12.1/firebase-auth/cordova.js","auth/react-native":"https://www.gstatic.com/firebasejs/9.12.1/firebase-auth/react-native.js","functions":"https://www.gstatic.com/firebasejs/9.12.1/firebase-functions.js","firestore":"https://www.gstatic.com/firebasejs/9.12.1/firebase-firestore.js","firestore/lite":"https://www.gstatic.com/firebasejs/9.12.1/firebase-firestore/lite.js","installations":"https://www.gstatic.com/firebasejs/9.12.1/firebase-installations.js","storage":"https://www.gstatic.com/firebasejs/9.12.1/firebase-storage.js","performance":"https://www.gstatic.com/firebasejs/9.12.1/firebase-performance.js","remote-config":"https://www.gstatic.com/firebasejs/9.12.1/firebase-remote-config.js","messaging":"https://www.gstatic.com/firebasejs/9.12.1/firebase-messaging.js","messaging/sw":"https://www.gstatic.com/firebasejs/9.12.1/firebase-messaging/sw.js","database":"https://www.gstatic.com/firebasejs/9.12.1/firebase-database.js","firestore.memory":"https://www.gstatic.com/firebasejs/9.12.1/firebase-firestore.memory.js"}}
[info] +  Wrote build/index.html 
[info] 
[info] i  Detected a .git folder at C:\Users\engrs\OneDrive\Desktop\Projects\hotel-booking-site 
[info] i  Authorizing with GitHub to upload your service account to a GitHub repository's secrets store. 
[info] 
[info] Visit this URL on this device to log in:
[info] https://github.com/login/oauth/authorize?client_id=89cf50f02ac6aaed3484&state=796352805&redirect_uri=http%3A%2F%2Flocalhost%3A9005&scope=read%3Auser%20repo%20public_repo
[info] 
[info] Waiting for authentication...
[debug] [2022-10-21T16:47:00.931Z] >>> [apiv2][query] POST https://github.com/login/oauth/access_token [none]
[debug] [2022-10-21T16:47:00.931Z] >>> [apiv2][body] POST https://github.com/login/oauth/access_token [stream]
[debug] [2022-10-21T16:47:01.199Z] <<< [apiv2][status] POST https://github.com/login/oauth/access_token 200
[debug] [2022-10-21T16:47:01.200Z] <<< [apiv2][body] POST https://github.com/login/oauth/access_token {"access_token":"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","token_type":"bearer","scope":"read:user,repo"}
[debug] [2022-10-21T16:47:01.223Z] >>> [apiv2][query] GET https://api.github.com/user [none]
[debug] [2022-10-21T16:47:01.509Z] <<< [apiv2][status] GET https://api.github.com/user 200
[debug] [2022-10-21T16:47:01.509Z] <<< [apiv2][body] GET https://api.github.com/user {"login":"Shariful7834","id":37573074,"node_id":"MDQ6VXNlcjM3NTczMDc0","avatar_url":"https://avatars.githubusercontent.com/u/37573074?v=4","gravatar_id":"","url":"https://api.github.com/users/Shariful7834","html_url":"https://github.com/Shariful7834","followers_url":"https://api.github.com/users/Shariful7834/followers","following_url":"https://api.github.com/users/Shariful7834/following{/other_user}","gists_url":"https://api.github.com/users/Shariful7834/gists{/gist_id}","starred_url":"https://api.github.com/users/Shariful7834/starred{/owner}{/repo}","subscriptions_url":"https://api.github.com/users/Shariful7834/subscriptions","organizations_url":"https://api.github.com/users/Shariful7834/orgs","repos_url":"https://api.github.com/users/Shariful7834/repos","events_url":"https://api.github.com/users/Shariful7834/events{/privacy}","received_events_url":"https://api.github.com/users/Shariful7834/received_events","type":"User","site_admin":false,"name":"Shariful Islam","company":"FH Dortmund University","blog":"","location":"Dortmund, Germany","email":null,"hireable":true,"bio":"Software Developer | Java | JavaScript | React Js | Android Developer","twitter_username":null,"public_repos":29,"public_gists":0,"followers":6,"following":34,"created_at":"2018-03-20T07:41:26Z","updated_at":"2022-10-11T15:22:08Z","private_gists":0,"total_private_repos":4,"owned_private_repos":4,"disk_usage":285823,"collaborators":0,"two_factor_authentication":false,"plan":{"name":"free","space":976562499,"collaborators":0,"private_repos":10000}}
[info] 
[info] +  Success! Logged into GitHub as Shariful7834 
[info] 
[debug] [2022-10-21T16:47:20.337Z] >>> [apiv2][query] GET https://api.github.com/repos/respository/actions/secrets/public-key type=owner
[debug] [2022-10-21T16:47:20.523Z] <<< [apiv2][status] GET https://api.github.com/repos/respository/actions/secrets/public-key 404
[debug] [2022-10-21T16:47:20.523Z] <<< [apiv2][body] GET https://api.github.com/repos/respository/actions/secrets/public-key {"message":"Not Found","documentation_url":"https://docs.github.com/rest"}
[debug] [2022-10-21T16:47:33.250Z] >>> [apiv2][query] GET https://api.github.com/repos/y/actions/secrets/public-key type=owner
[debug] [2022-10-21T16:47:33.434Z] <<< [apiv2][status] GET https://api.github.com/repos/y/actions/secrets/public-key 404
[debug] [2022-10-21T16:47:33.434Z] <<< [apiv2][body] GET https://api.github.com/repos/y/actions/secrets/public-key {"message":"Not Found","documentation_url":"https://docs.github.com/rest"}
[debug] [2022-10-21T16:49:17.738Z] >>> [apiv2][query] GET https://api.github.com/repos/https://github.com/Shariful7834/booking-site-Authentication.git/actions/secrets/public-key type=owner
[debug] [2022-10-21T16:49:17.918Z] <<< [apiv2][status] GET https://api.github.com/repos/https://github.com/Shariful7834/booking-site-Authentication.git/actions/secrets/public-key 404
[debug] [2022-10-21T16:49:17.918Z] <<< [apiv2][body] GET https://api.github.com/repos/https://github.com/Shariful7834/booking-site-Authentication.git/actions/secrets/public-key {"message":"Not Found","documentation_url":"https://docs.github.com/rest"}
[debug] [2022-10-21T16:49:18.961Z] >>> [apiv2][query] GET https://api.github.com/repos/https://github.com/Shariful7834/booking-site-Authentication.git/actions/secrets/public-key type=owner
[debug] [2022-10-21T16:49:19.133Z] <<< [apiv2][status] GET https://api.github.com/repos/https://github.com/Shariful7834/booking-site-Authentication.git/actions/secrets/public-key 404
[debug] [2022-10-21T16:49:19.134Z] <<< [apiv2][body] GET https://api.github.com/repos/https://github.com/Shariful7834/booking-site-Authentication.git/actions/secrets/public-key {"message":"Not Found","documentation_url":"https://docs.github.com/rest"}
[debug] [2022-10-21T16:49:20.194Z] >>> [apiv2][query] GET https://api.github.com/repos/https://github.com/Shariful7834/booking-site-Authentication.git/actions/secrets/public-key type=owner
[debug] [2022-10-21T16:49:20.365Z] <<< [apiv2][status] GET https://api.github.com/repos/https://github.com/Shariful7834/booking-site-Authentication.git/actions/secrets/public-key 404
[debug] [2022-10-21T16:49:20.365Z] <<< [apiv2][body] GET https://api.github.com/repos/https://github.com/Shariful7834/booking-site-Authentication.git/actions/secrets/public-key {"message":"Not Found","documentation_url":"https://docs.github.com/rest"}
[debug] [2022-10-21T16:49:33.067Z] >>> [apiv2][query] GET https://api.github.com/repos/format:repository/actions/secrets/public-key type=owner
[debug] [2022-10-21T16:49:33.249Z] <<< [apiv2][status] GET https://api.github.com/repos/format:repository/actions/secrets/public-key 404
[debug] [2022-10-21T16:49:33.249Z] <<< [apiv2][body] GET https://api.github.com/repos/format:repository/actions/secrets/public-key {"message":"Not Found","documentation_url":"https://docs.github.com/rest"}
[debug] [2022-10-21T16:49:51.609Z] >>> [apiv2][query] GET https://api.github.com/repos/repository/actions/secrets/public-key type=owner
[debug] [2022-10-21T16:49:51.798Z] <<< [apiv2][status] GET https://api.github.com/repos/repository/actions/secrets/public-key 404
[debug] [2022-10-21T16:49:51.799Z] <<< [apiv2][body] GET https://api.github.com/repos/repository/actions/secrets/public-key {"message":"Not Found","documentation_url":"https://docs.github.com/rest"}
[debug] [2022-10-21T16:49:54.305Z] >>> [apiv2][query] GET https://api.github.com/repos/repository/actions/secrets/public-key type=owner
[debug] [2022-10-21T16:49:54.586Z] <<< [apiv2][status] GET https://api.github.com/repos/repository/actions/secrets/public-key 404
[debug] [2022-10-21T16:49:54.586Z] <<< [apiv2][body] GET https://api.github.com/repos/repository/actions/secrets/public-key {"message":"Not Found","documentation_url":"https://docs.github.com/rest"}
